<?xml version="1.0" encoding="UTF-8"?>
<!-- Generated by org.testng.reporters.JUnitReportReporter -->
<testsuite hostname="DESKTOP-N8DSVKF" failures="0" tests="1" name="test_Cases.Authentification" time="66.974" errors="0" timestamp="2024-10-26T22:53:54 WAT" skipped="0">
  <testcase classname="test_Cases.Authentification" name="ConnectToSite" time="66.974"/>
</testsuite> <!-- test_Cases.Authentification -->
