<?xml version="1.0" encoding="UTF-8"?>
<!-- Generated by org.testng.reporters.JUnitReportReporter -->
<testsuite hostname="DESKTOP-N8DSVKF" failures="0" tests="1" name="Fatales.Selenium_fatales_project.TestCase" time="229.860" errors="0" timestamp="2024-10-23T00:28:12 WAT" skipped="0">
  <testcase classname="Fatales.Selenium_fatales_project.TestCase" name="ConnectToSite" time="229.860"/>
</testsuite> <!-- Fatales.Selenium_fatales_project.TestCase -->
