<?xml version="1.0" encoding="UTF-8"?>
<!-- Generated by org.testng.reporters.JUnitReportReporter -->
<testsuite hostname="DESKTOP-N8DSVKF" failures="0" tests="1" name="cucumber.Runner" time="66.968" errors="0" timestamp="2024-10-27T21:59:12 WAT" skipped="0">
  <testcase classname="cucumber.Runner" name="runScenario" time="66.968"/>
</testsuite> <!-- cucumber.Runner -->
