<?xml version="1.0" encoding="UTF-8"?>
<!-- Generated by org.testng.reporters.JUnitReportReporter -->
<testsuite hostname="DESKTOP-N8DSVKF" failures="0" tests="1" name="test_Cases.TestCase" time="185.536" errors="0" timestamp="2024-10-26T23:24:03 WAT" skipped="0">
  <testcase classname="test_Cases.TestCase" name="ConnectToSite" time="185.536"/>
</testsuite> <!-- test_Cases.TestCase -->
